3.246813
3.247619
3.247619
3.247619
3.247619
3.246813
3.247619
3.247619
3.246813
3.248425
3.247619
3.246813
3.247619
3.247619
3.248425
3.246007
3.247619
3.247619
3.247619
3.247619
3.246813
3.246813
3.247619
3.248425
3.247619
3.246813
3.246813
3.246007
3.247619
3.246813
3.247619
3.247619
3.246813
3.247619
3.248425
3.248425
3.248425
3.246813
3.247619
3.247619
3.247619
3.246813
3.247619
3.247619
3.246813
3.247619
3.247619
3.247619
3.247619
3.247619
3.247619
3.248425
3.247619
3.246813
3.247619
3.246813
3.250842
3.247619
3.246813
3.247619
3.246813
3.246813
3.247619
3.248425
3.246813
3.246813
3.247619
3.246813
3.247619
3.246007
3.247619
3.247619
3.248425
3.247619
3.246813
3.246813
3.246813
3.248425
3.246007
3.248425
3.246813
3.247619
3.247619
3.246813
3.246813
3.247619
3.247619
3.248425
3.248425
3.247619
3.246007
3.246813
3.247619
3.246813
3.246813
3.246813
3.247619
3.247619
3.250842
3.248425
3.247619
3.246007
3.248425
3.246813
3.248425
3.248425
3.247619
3.247619
3.246007
3.248425
3.246813
3.246007
3.247619
3.246813
3.247619
3.247619
3.246813
3.247619
3.247619
3.248425
3.247619
3.247619
3.246813
3.247619
3.247619
3.247619
3.247619
3.246813
3.247619
3.246813
3.246007
3.246813
3.247619
3.247619
3.247619
3.248425
3.247619
3.246813
3.247619
3.247619
3.248425
3.246813
3.247619
3.246007
3.247619
3.247619
3.247619
3.247619
3.246007
3.248425
3.247619
3.247619
3.246813
3.246007
3.246813
3.246813
3.247619
3.247619
3.248425
3.246813
3.246813
3.248425
3.247619
3.247619
3.246007
3.247619
3.246813
3.248425
3.247619
3.247619
3.247619
3.245201
3.247619
3.248425
3.247619
3.247619
3.246813
3.247619
3.247619
3.246813
3.247619
3.239560
3.248425
3.247619
3.238755
3.247619
3.248425
3.247619
3.247619
3.246813
3.247619
3.247619
3.247619
3.246813
3.246813
3.246007
3.247619
3.247619
3.247619
3.247619
3.247619
3.246813
3.247619
3.248425
3.246813
3.246007
3.246813
3.246813
3.247619
3.246813
3.247619
3.247619
3.247619
3.246813
3.246813
3.247619
3.247619
3.247619
3.246813
3.248425
3.248425
3.246813
3.246813
3.246813
3.250842
3.246813
3.247619
3.247619
3.247619
3.247619
3.247619
3.247619
3.246813
3.246813
3.247619
3.247619
3.247619
3.246813
3.246813
3.246007
3.247619
3.246813
3.247619
3.247619
3.248425
3.248425
3.247619
3.248425
3.248425
3.242784
3.247619
3.247619
3.246813
3.246813
3.247619
3.247619
3.246007
3.247619
3.247619
3.246813
3.246813
3.254066
3.247619
3.247619
3.247619
3.246813
3.250842
3.246813
3.247619
3.246007
3.247619
3.246813
3.246813
3.238755
3.247619
3.246813
3.247619
3.247619
3.246813
3.247619
3.246813
3.247619
3.248425
3.248425
3.246813
3.246813
3.247619
3.246813
3.246007
3.247619
3.247619
3.246813
3.246813
3.247619
3.247619
3.247619
3.246813
3.247619
3.246813
3.246813
3.246007
3.251648
3.246813
3.243590
3.246813
3.246813
3.246813
3.248425
3.250842
3.247619
3.246813
3.245201
3.247619
3.247619
3.247619
3.247619
3.246813
3.246813
3.248425
3.246813
3.247619
3.246007
3.246813
3.247619
3.248425
3.248425
3.247619
3.246813
3.246007
3.249231
3.246813
3.246007
3.249231
3.246813
3.248425
3.247619
3.247619
3.247619
3.248425
3.247619
3.248425
3.246813
3.247619
3.248425
3.246813
3.248425
3.248425
3.247619
3.246813
3.246007
3.247619
3.246813
3.246813
3.246007
3.246813
3.246813
3.247619
3.246813
3.247619
3.248425
3.246007
3.247619
3.246813
3.247619
3.248425
3.246813
3.237143
3.247619
3.246813
3.248425
3.247619
3.241172
3.247619
3.246813
3.246813
3.247619
3.251648
3.247619
3.248425
3.248425
3.246813
3.247619
3.247619
3.246813
3.247619
3.247619
3.247619
3.248425
3.246813
3.245201
3.249231
3.247619
3.248425
3.248425
3.247619
3.246007
3.247619
3.247619
3.247619
3.246813
3.247619
3.246813
3.247619
3.248425
3.248425
3.247619
3.246813
3.248425
3.247619
3.247619
3.246813
3.246813
3.246813
3.248425
3.247619
3.246813
3.247619
3.247619
3.246813
3.246813
3.245201
3.247619
3.247619
3.248425
3.248425
3.245201
3.247619
3.247619
3.246813
3.247619
3.247619
3.247619
3.248425
3.246813
3.248425
3.247619
3.247619
3.246007
3.247619
3.246813
3.247619
3.246813
3.246813
3.247619
3.247619
3.246813
3.246813
3.246007
3.246813
3.245201
3.248425
3.246813
3.246813
3.241978
3.248425
3.250842
3.248425
3.247619
3.247619
3.246813
3.246813
3.247619
3.248425
3.248425
3.245201
3.246813
3.247619
3.247619
3.247619
3.246813
3.247619
3.247619
3.247619
3.246813
3.247619
3.247619
3.248425
3.246813
3.247619
3.246007
3.247619
3.248425
3.246813
3.247619
3.246813
3.246007
3.247619
3.247619
3.246813
3.247619
3.248425
3.246813
3.247619
3.248425
3.247619
3.247619
3.247619
3.247619
3.246813
3.246813
lp_data
